<?xml version="1.0" encoding="UTF-8"?>
<!-- Generated by org.testng.reporters.JUnitReportReporter -->
<testsuite hostname="Akash" failures="0" tests="1" name="testCases.emailWrongTestCase" time="101.999" errors="0" timestamp="2021-07-26T19:03:50 IST" skipped="0">
  <testcase classname="testCases.emailWrongTestCase" name="submitForm" time="101.999"/>
  <system-out/>
</testsuite> <!-- testCases.emailWrongTestCase -->
