<?xml version="1.0" encoding="UTF-8"?>
<!-- Generated by org.testng.reporters.JUnitReportReporter -->
<testsuite hostname="Akash" failures="0" tests="1" name="testCases.correctTestCase" time="154.565" errors="0" timestamp="2021-07-26T19:03:50 IST" skipped="0">
  <testcase classname="testCases.correctTestCase" name="submitForm" time="154.565"/>
  <system-out/>
</testsuite> <!-- testCases.correctTestCase -->
