<?xml version="1.0" encoding="UTF-8"?>
<!-- Generated by org.testng.reporters.JUnitReportReporter -->
<testsuite hostname="Akash" failures="0" tests="1" name="testCases.phoneWrongTestCase" time="120.505" errors="0" timestamp="2021-07-26T19:03:50 IST" skipped="0">
  <testcase classname="testCases.phoneWrongTestCase" name="submitForm" time="120.505"/>
  <system-out/>
</testsuite> <!-- testCases.phoneWrongTestCase -->
