<?xml version="1.0" encoding="UTF-8"?>
<!-- Generated by org.testng.reporters.JUnitReportReporter -->
<testsuite hostname="LAPTOP-N2S8MHML" failures="0" tests="1" name="testCases.emailWrongTestCase" time="76.446" errors="0" timestamp="2021-07-22T10:47:10 IST" skipped="0">
  <testcase classname="testCases.emailWrongTestCase" name="submitForm" time="76.446"/>
  <system-out/>
</testsuite> <!-- testCases.emailWrongTestCase -->
